<?xml version="1.0" encoding="UTF-8"?>
<!-- Generated by org.testng.reporters.JUnitReportReporter -->
<testsuite skipped="0" hostname="GuruKrishna" name="TestCases.CreateIssue" tests="4" failures="0" timestamp="2020-09-12T23:38:49 IST" time="138.648" errors="0">
  <testcase name="testCreateIssue" time="5.220" classname="TestCases.CreateIssue"/>
  <system-out/>
  <testcase name="testCreateIssue" time="13.239" classname="TestCases.CreateIssue"/>
  <system-out/>
  <testcase name="testCreateIssue" time="118.984" classname="TestCases.CreateIssue"/>
  <system-out/>
  <testcase name="testGetIssue" time="1.205" classname="TestCases.CreateIssue"/>
  <system-out/>
</testsuite> <!-- TestCases.CreateIssue -->
