<?xml version="1.0" encoding="UTF-8"?>
<!-- Generated by org.testng.reporters.JUnitReportReporter -->
<testsuite skipped="0" hostname="GuruKrishna" name="TestCases.SearchAllIssues" tests="1" failures="0" timestamp="2020-09-10T18:48:18 IST" time="14.192" errors="0">
  <testcase name="testCreateIssue" time="14.192" classname="TestCases.SearchAllIssues"/>
  <system-out/>
</testsuite> <!-- TestCases.SearchAllIssues -->
