<?xml version="1.0" encoding="UTF-8"?>
<!-- Generated by org.testng.reporters.JUnitReportReporter -->
<testsuite skipped="0" hostname="GuruKrishna" name="TestCases.AddAttachment" tests="6" failures="0" timestamp="2020-09-10T18:48:18 IST" time="5.570" errors="0">
  <testcase name="testAddAttachment" time="0.296" classname="TestCases.AddAttachment"/>
  <system-out/>
  <testcase name="testAddAttachment" time="0.525" classname="TestCases.AddAttachment"/>
  <system-out/>
  <testcase name="testAddAttachment" time="0.378" classname="TestCases.AddAttachment"/>
  <system-out/>
  <testcase name="testAddAttachment" time="3.679" classname="TestCases.AddAttachment"/>
  <system-out/>
  <testcase name="testAddAttachment" time="0.411" classname="TestCases.AddAttachment"/>
  <system-out/>
  <testcase name="testAddAttachment" time="0.281" classname="TestCases.AddAttachment"/>
  <system-out/>
</testsuite> <!-- TestCases.AddAttachment -->
